Using pre-set license
Built from '2020.3/staging' branch; Version is '2020.3.22f1 (e1a7f79fd887) revision 14788599'; Using compiler version '192528614'; Build Type 'Release'
OS: 'Windows 10 Home; OS build 19043.1237; Version 2009; 64bit' Language: 'en' Physical Memory: 16212 MB
BatchMode: 1, IsHumanControllingUs: 0, StartBugReporterOnCrash: 0, Is64bit: 1, IsPro: 0

COMMAND LINE ARGUMENTS:
D:\Unity\2020.3.22f1\Editor\Unity.exe
-adb2
-batchMode
-noUpm
-name
AssetImportWorker0
-projectPath
D:/Unity/Pinball
-logFile
Logs/AssetImportWorker0.log
-srvPort
58399
Successfully changed project path to: D:/Unity/Pinball
D:/Unity/Pinball
Using Asset Import Pipeline V2.
Refreshing native plugins compatible for Editor in 91.89 ms, found 2 plugins.
Preloading 0 native plugins for Editor in 0.00 ms.
Initialize engine version: 2020.3.22f1 (e1a7f79fd887)
[Subsystems] Discovering subsystems at path D:/Unity/2020.3.22f1/Editor/Data/Resources/UnitySubsystems
[Subsystems] Discovering subsystems at path D:/Unity/Pinball/Assets
GfxDevice: creating device client; threaded=0
Direct3D:
    Version:  Direct3D 11.0 [level 11.1]
    Renderer: NVIDIA GeForce MX250 (ID=0x1d13)
    Vendor:   
    VRAM:     1983 MB
    Driver:   30.0.14.7212
Initialize mono
Mono path[0] = 'D:/Unity/2020.3.22f1/Editor/Data/Managed'
Mono path[1] = 'D:/Unity/2020.3.22f1/Editor/Data/MonoBleedingEdge/lib/mono/unityjit'
Mono config path = 'D:/Unity/2020.3.22f1/Editor/Data/MonoBleedingEdge/etc'
Using monoOptions --debugger-agent=transport=dt_socket,embedding=1,server=y,suspend=n,address=127.0.0.1:56896
Begin MonoManager ReloadAssembly
Registering precompiled unity dll's ...
Register platform support module: D:/Unity/2020.3.22f1/Editor/Data/PlaybackEngines/WindowsStandaloneSupport/UnityEditor.WindowsStandalone.Extensions.dll
Registered in 0.018307 seconds.
Native extension for WindowsStandalone target not found
Refreshing native plugins compatible for Editor in 67.26 ms, found 2 plugins.
Preloading 0 native plugins for Editor in 0.00 ms.
Mono: successfully reloaded assembly
- Completed reload, in  3.571 seconds
Domain Reload Profiling:
	ReloadAssembly (3572ms)
		BeginReloadAssembly (206ms)
			ExecutionOrderSort (0ms)
			DisableScriptedObjects (0ms)
			BackupInstance (0ms)
			ReleaseScriptingObjects (0ms)
			CreateAndSetChildDomain (2ms)
		EndReloadAssembly (1184ms)
			LoadAssemblies (193ms)
			RebuildTransferFunctionScriptingTraits (0ms)
			SetupTypeCache (386ms)
			ReleaseScriptCaches (0ms)
			RebuildScriptCaches (82ms)
			SetupLoadedEditorAssemblies (404ms)
				LogAssemblyErrors (0ms)
				InitializePlatformSupportModulesInManaged (11ms)
				SetLoadedEditorAssemblies (1ms)
				RefreshPlugins (67ms)
				BeforeProcessingInitializeOnLoad (46ms)
				ProcessInitializeOnLoadAttributes (204ms)
				ProcessInitializeOnLoadMethodAttributes (75ms)
				AfterProcessingInitializeOnLoad (0ms)
				EditorAssembliesLoaded (0ms)
			ExecutionOrderSort2 (0ms)
			AwakeInstancesAfterBackupRestoration (0ms)
Platform modules already initialized, skipping
Registering precompiled user dll's ...
Registered in 0.015222 seconds.
Begin MonoManager ReloadAssembly
Native extension for WindowsStandalone target not found
Refreshing native plugins compatible for Editor in 0.81 ms, found 2 plugins.
Preloading 0 native plugins for Editor in 0.00 ms.
Mono: successfully reloaded assembly
- Completed reload, in  2.778 seconds
Domain Reload Profiling:
	ReloadAssembly (2781ms)
		BeginReloadAssembly (460ms)
			ExecutionOrderSort (0ms)
			DisableScriptedObjects (13ms)
			BackupInstance (0ms)
			ReleaseScriptingObjects (0ms)
			CreateAndSetChildDomain (40ms)
		EndReloadAssembly (2136ms)
			LoadAssemblies (302ms)
			RebuildTransferFunctionScriptingTraits (0ms)
			SetupTypeCache (737ms)
			ReleaseScriptCaches (1ms)
			RebuildScriptCaches (107ms)
			SetupLoadedEditorAssemblies (794ms)
				LogAssemblyErrors (0ms)
				InitializePlatformSupportModulesInManaged (15ms)
				SetLoadedEditorAssemblies (2ms)
				RefreshPlugins (1ms)
				BeforeProcessingInitializeOnLoad (255ms)
				ProcessInitializeOnLoadAttributes (473ms)
				ProcessInitializeOnLoadMethodAttributes (22ms)
				AfterProcessingInitializeOnLoad (26ms)
				EditorAssembliesLoaded (1ms)
			ExecutionOrderSort2 (0ms)
			AwakeInstancesAfterBackupRestoration (15ms)
Platform modules already initialized, skipping
========================================================================
Worker process is ready to serve import requests
Launched and connected shader compiler UnityShaderCompiler.exe after 0.09 seconds
Refreshing native plugins compatible for Editor in 0.41 ms, found 2 plugins.
Preloading 0 native plugins for Editor in 0.00 ms.
Unloading 1488 Unused Serialized files (Serialized files now loaded: 0)
System memory in use before: 67.1 MB.
System memory in use after: 67.1 MB.

Unloading 19 unused Assets to reduce memory usage. Loaded Objects now: 1920.
Total: 5.006600 ms (FindLiveObjects: 0.286200 ms CreateObjectMapping: 0.105700 ms MarkObjects: 4.472500 ms  DeleteObjects: 0.140600 ms)

AssetImportParameters requested are different than current active one (requested -> active):
  custom:framework-win-MediaFoundation: 216162199b28c13a410421893ffa2e32 -> 
  custom:video-decoder-ogg-theora: a1e56fd34408186e4bbccfd4996cb3dc -> 
  custom:container-muxer-webm: aa71ff27fc2769a1b78a27578f13a17b -> 
  custom:container-demuxer-webm: 4f35f7cbe854078d1ac9338744f61a02 -> 
  custom:container-demuxer-ogg: 62fdf1f143b41e24485cea50d1cbac27 -> 
  custom:video-encoder-webm-vp8: eb34c28f22e8b96e1ab97ce403110664 -> 
  custom:video-codec-MediaFoundation-h265: 746d11721c4dcdbdad8f713fa42b33f4 -> 
  custom:video-decoder-webm-vp8: 9c59270c3fd7afecdb556c50c9e8de78 -> 
  custom:audio-decoder-ogg-vorbis: bf7c407c2cedff20999df2af8eb42d56 -> 
  custom:audio-encoder-webm-vorbis: bf7c407c2cedff20999df2af8eb42d56 -> 
========================================================================
Received Import Request.
  path: Assets/Maerial
  artifactKey: Guid(f7ee3048819fabf4282822ce3143eb14) Importer(815301076,1909f56bfc062723c751e8b465ee728b)
Start importing Assets/Maerial using Guid(f7ee3048819fabf4282822ce3143eb14) Importer(815301076,1909f56bfc062723c751e8b465ee728b)  -> (artifact id: '17946b6549471f6ee683bc13679f7641') in 0.011117 seconds 
  Import took 0.015275 seconds .

========================================================================
Received Import Request.
  Time since last request: 9.413930 seconds.
  path: Assets/Materials
  artifactKey: Guid(f7ee3048819fabf4282822ce3143eb14) Importer(815301076,1909f56bfc062723c751e8b465ee728b)
Start importing Assets/Materials using Guid(f7ee3048819fabf4282822ce3143eb14) Importer(815301076,1909f56bfc062723c751e8b465ee728b)  -> (artifact id: 'e7d629da27d6434584d6b1c2d39c9d3a') in 0.004756 seconds 
  Import took 0.007867 seconds .

========================================================================
Received Import Request.
  Time since last request: 18.354460 seconds.
  path: Assets/Materials/metal.mat
  artifactKey: Guid(6537781751efca546b5b33e95f3a4091) Importer(815301076,1909f56bfc062723c751e8b465ee728b)
Start importing Assets/Materials/metal.mat using Guid(6537781751efca546b5b33e95f3a4091) Importer(815301076,1909f56bfc062723c751e8b465ee728b)  -> (artifact id: '361d1e32fdeea48368461d54be5e5ece') in 0.222792 seconds 
  Import took 0.227117 seconds .

========================================================================
Received Import Request.
  Time since last request: 130.949876 seconds.
  path: Assets
  artifactKey: Guid(00000000000000001000000000000000) Importer(815301076,1909f56bfc062723c751e8b465ee728b)
Start importing Assets using Guid(00000000000000001000000000000000) Importer(815301076,1909f56bfc062723c751e8b465ee728b)  -> (artifact id: '42d402b061de3733987d63b9cc3b64de') in 0.004848 seconds 
  Import took 0.008648 seconds .

========================================================================
Received Prepare
Registering precompiled user dll's ...
Registered in 0.012429 seconds.
Begin MonoManager ReloadAssembly
Native extension for WindowsStandalone target not found
Refreshing native plugins compatible for Editor in 0.69 ms, found 2 plugins.
Preloading 0 native plugins for Editor in 0.00 ms.
Mono: successfully reloaded assembly
- Completed reload, in  2.684 seconds
Domain Reload Profiling:
	ReloadAssembly (2685ms)
		BeginReloadAssembly (334ms)
			ExecutionOrderSort (0ms)
			DisableScriptedObjects (12ms)
			BackupInstance (0ms)
			ReleaseScriptingObjects (0ms)
			CreateAndSetChildDomain (62ms)
		EndReloadAssembly (2145ms)
			LoadAssemblies (307ms)
			RebuildTransferFunctionScriptingTraits (0ms)
			SetupTypeCache (705ms)
			ReleaseScriptCaches (1ms)
			RebuildScriptCaches (104ms)
			SetupLoadedEditorAssemblies (862ms)
				LogAssemblyErrors (0ms)
				InitializePlatformSupportModulesInManaged (15ms)
				SetLoadedEditorAssemblies (1ms)
				RefreshPlugins (1ms)
				BeforeProcessingInitializeOnLoad (234ms)
				ProcessInitializeOnLoadAttributes (536ms)
				ProcessInitializeOnLoadMethodAttributes (27ms)
				AfterProcessingInitializeOnLoad (47ms)
				EditorAssembliesLoaded (1ms)
			ExecutionOrderSort2 (0ms)
			AwakeInstancesAfterBackupRestoration (19ms)
Platform modules already initialized, skipping
Refreshing native plugins compatible for Editor in 0.56 ms, found 2 plugins.
Preloading 0 native plugins for Editor in 0.00 ms.
Unloading 1482 Unused Serialized files (Serialized files now loaded: 0)
System memory in use before: 70.2 MB.
System memory in use after: 70.3 MB.

Unloading 14 unused Assets to reduce memory usage. Loaded Objects now: 1962.
Total: 4.601900 ms (FindLiveObjects: 0.169600 ms CreateObjectMapping: 0.053000 ms MarkObjects: 4.353500 ms  DeleteObjects: 0.024000 ms)

AssetImportParameters requested are different than current active one (requested -> active):
  custom:framework-win-MediaFoundation: 216162199b28c13a410421893ffa2e32 -> 
  custom:video-decoder-ogg-theora: a1e56fd34408186e4bbccfd4996cb3dc -> 
  custom:container-muxer-webm: aa71ff27fc2769a1b78a27578f13a17b -> 
  custom:container-demuxer-webm: 4f35f7cbe854078d1ac9338744f61a02 -> 
  custom:container-demuxer-ogg: 62fdf1f143b41e24485cea50d1cbac27 -> 
  custom:video-encoder-webm-vp8: eb34c28f22e8b96e1ab97ce403110664 -> 
  custom:video-codec-MediaFoundation-h265: 746d11721c4dcdbdad8f713fa42b33f4 -> 
  custom:video-decoder-webm-vp8: 9c59270c3fd7afecdb556c50c9e8de78 -> 
  custom:audio-decoder-ogg-vorbis: bf7c407c2cedff20999df2af8eb42d56 -> 
  custom:audio-encoder-webm-vorbis: bf7c407c2cedff20999df2af8eb42d56 -> 
========================================================================
Received Import Request.
  Time since last request: 13.054201 seconds.
  path: Assets/Prefabs
  artifactKey: Guid(192d4ea23fcd07842a030c26b3b322bf) Importer(815301076,1909f56bfc062723c751e8b465ee728b)
Start importing Assets/Prefabs using Guid(192d4ea23fcd07842a030c26b3b322bf) Importer(815301076,1909f56bfc062723c751e8b465ee728b)  -> (artifact id: 'daa00529948769582d3970f41c57657a') in 0.005981 seconds 
  Import took 0.008673 seconds .

========================================================================
Received Import Request.
  Time since last request: 0.795910 seconds.
  path: Assets/Prefabs/pinball.prefab
  artifactKey: Guid(8123f9c9b9aa9d548b88845e37610190) Importer(815301076,1909f56bfc062723c751e8b465ee728b)
Start importing Assets/Prefabs/pinball.prefab using Guid(8123f9c9b9aa9d548b88845e37610190) Importer(815301076,1909f56bfc062723c751e8b465ee728b)  -> (artifact id: '2a751c62d2e95a424e7cdea295f7dd5d') in 0.075450 seconds 
  Import took 0.078665 seconds .

========================================================================
Received Import Request.
  Time since last request: 579.023780 seconds.
  path: Assets/Materials/blue.mat
  artifactKey: Guid(e6cdcd4e9c42a0944a195f94139ea12d) Importer(815301076,1909f56bfc062723c751e8b465ee728b)
Start importing Assets/Materials/blue.mat using Guid(e6cdcd4e9c42a0944a195f94139ea12d) Importer(815301076,1909f56bfc062723c751e8b465ee728b)  -> (artifact id: '9ef712b11a40af12ba94ff9e3eb6ae11') in 0.050345 seconds 
  Import took 0.055328 seconds .

========================================================================
Received Prepare
Registering precompiled user dll's ...
Registered in 0.064676 seconds.
Begin MonoManager ReloadAssembly
Native extension for WindowsStandalone target not found
Refreshing native plugins compatible for Editor in 0.91 ms, found 2 plugins.
Preloading 0 native plugins for Editor in 0.00 ms.
Mono: successfully reloaded assembly
- Completed reload, in  2.964 seconds
Domain Reload Profiling:
	ReloadAssembly (2965ms)
		BeginReloadAssembly (330ms)
			ExecutionOrderSort (0ms)
			DisableScriptedObjects (11ms)
			BackupInstance (0ms)
			ReleaseScriptingObjects (0ms)
			CreateAndSetChildDomain (79ms)
		EndReloadAssembly (2415ms)
			LoadAssemblies (323ms)
			RebuildTransferFunctionScriptingTraits (0ms)
			SetupTypeCache (795ms)
			ReleaseScriptCaches (1ms)
			RebuildScriptCaches (120ms)
			SetupLoadedEditorAssemblies (920ms)
				LogAssemblyErrors (0ms)
				InitializePlatformSupportModulesInManaged (14ms)
				SetLoadedEditorAssemblies (1ms)
				RefreshPlugins (1ms)
				BeforeProcessingInitializeOnLoad (265ms)
				ProcessInitializeOnLoadAttributes (571ms)
				ProcessInitializeOnLoadMethodAttributes (23ms)
				AfterProcessingInitializeOnLoad (44ms)
				EditorAssembliesLoaded (1ms)
			ExecutionOrderSort2 (0ms)
			AwakeInstancesAfterBackupRestoration (17ms)
Platform modules already initialized, skipping
Refreshing native plugins compatible for Editor in 1.00 ms, found 2 plugins.
Preloading 0 native plugins for Editor in 0.00 ms.
Unloading 1843 Unused Serialized files (Serialized files now loaded: 0)
System memory in use before: 86.0 MB.
System memory in use after: 84.1 MB.

Unloading 37 unused Assets to reduce memory usage. Loaded Objects now: 2305.
Total: 8.160500 ms (FindLiveObjects: 0.370000 ms CreateObjectMapping: 0.154500 ms MarkObjects: 5.490800 ms  DeleteObjects: 2.143000 ms)

AssetImportParameters requested are different than current active one (requested -> active):
  custom:framework-win-MediaFoundation: 216162199b28c13a410421893ffa2e32 -> 
  custom:video-decoder-ogg-theora: a1e56fd34408186e4bbccfd4996cb3dc -> 
  custom:container-muxer-webm: aa71ff27fc2769a1b78a27578f13a17b -> 
  custom:container-demuxer-webm: 4f35f7cbe854078d1ac9338744f61a02 -> 
  custom:container-demuxer-ogg: 62fdf1f143b41e24485cea50d1cbac27 -> 
  custom:video-encoder-webm-vp8: eb34c28f22e8b96e1ab97ce403110664 -> 
  custom:video-codec-MediaFoundation-h265: 746d11721c4dcdbdad8f713fa42b33f4 -> 
  custom:video-decoder-webm-vp8: 9c59270c3fd7afecdb556c50c9e8de78 -> 
  custom:audio-decoder-ogg-vorbis: bf7c407c2cedff20999df2af8eb42d56 -> 
  custom:audio-encoder-webm-vorbis: bf7c407c2cedff20999df2af8eb42d56 -> 
========================================================================
Received Import Request.
  Time since last request: 2856.746663 seconds.
  path: Assets/Materials/NGC1499_Akar_3296.jpg
  artifactKey: Guid(b1b9215ed6fcff247b657c9ddda989ac) Importer(815301076,1909f56bfc062723c751e8b465ee728b)
Start importing Assets/Materials/NGC1499_Akar_3296.jpg using Guid(b1b9215ed6fcff247b657c9ddda989ac) Importer(815301076,1909f56bfc062723c751e8b465ee728b)  -> (artifact id: 'e08a0eef0b263ae210f9108b06d0abd8') in 0.093597 seconds 
  Import took 0.098197 seconds .

========================================================================
Received Import Request.
  Time since last request: 34.172894 seconds.
  path: Assets/Materials/NGC1499_Akar_3296.jpg
  artifactKey: Guid(b1b9215ed6fcff247b657c9ddda989ac) Importer(815301076,1909f56bfc062723c751e8b465ee728b)
Start importing Assets/Materials/NGC1499_Akar_3296.jpg using Guid(b1b9215ed6fcff247b657c9ddda989ac) Importer(815301076,1909f56bfc062723c751e8b465ee728b)  -> (artifact id: '0966609131f9b16c572e85c2d67b7937') in 0.045459 seconds 
  Import took 0.048977 seconds .

========================================================================
Received Import Request.
  Time since last request: 98.300230 seconds.
  path: Assets/Materials/black.mat
  artifactKey: Guid(b6dc0ba3eada76a43b0d55d10a760521) Importer(815301076,1909f56bfc062723c751e8b465ee728b)
Start importing Assets/Materials/black.mat using Guid(b6dc0ba3eada76a43b0d55d10a760521) Importer(815301076,1909f56bfc062723c751e8b465ee728b)  -> (artifact id: '5a3ae1937730574c1e27d5805f6a58f4') in 0.052815 seconds 
  Import took 0.056682 seconds .

========================================================================
Received Import Request.
  Time since last request: 159.520433 seconds.
  path: Assets/Materials/stars-2129014_1280.jpg
  artifactKey: Guid(ef4cd7f7105059e47a2c3e6be686e48f) Importer(815301076,1909f56bfc062723c751e8b465ee728b)
Start importing Assets/Materials/stars-2129014_1280.jpg using Guid(ef4cd7f7105059e47a2c3e6be686e48f) Importer(815301076,1909f56bfc062723c751e8b465ee728b)  -> (artifact id: 'e5b60b57679e5212fe6ae600b72abf90') in 0.027649 seconds 
  Import took 0.031243 seconds .

========================================================================
Received Import Request.
  Time since last request: 151.804541 seconds.
  path: Assets/Materials/black.mat
  artifactKey: Guid(b6dc0ba3eada76a43b0d55d10a760521) Importer(815301076,1909f56bfc062723c751e8b465ee728b)
Start importing Assets/Materials/black.mat using Guid(b6dc0ba3eada76a43b0d55d10a760521) Importer(815301076,1909f56bfc062723c751e8b465ee728b)  -> (artifact id: '01bce651a880f3b40d8b1286343398c8') in 0.049966 seconds 
  Import took 0.054476 seconds .

========================================================================
Received Import Request.
  Time since last request: 0.000403 seconds.
  path: Assets/Materials/blue.mat
  artifactKey: Guid(e6cdcd4e9c42a0944a195f94139ea12d) Importer(815301076,1909f56bfc062723c751e8b465ee728b)
Start importing Assets/Materials/blue.mat using Guid(e6cdcd4e9c42a0944a195f94139ea12d) Importer(815301076,1909f56bfc062723c751e8b465ee728b)  -> (artifact id: '3082f87893f9f0bd6e008a03da24daa0') in 0.031524 seconds 
  Import took 0.035832 seconds .

========================================================================
Received Import Request.
  Time since last request: 0.000315 seconds.
  path: Assets/Materials/metal.mat
  artifactKey: Guid(6537781751efca546b5b33e95f3a4091) Importer(815301076,1909f56bfc062723c751e8b465ee728b)
Start importing Assets/Materials/metal.mat using Guid(6537781751efca546b5b33e95f3a4091) Importer(815301076,1909f56bfc062723c751e8b465ee728b)  -> (artifact id: '60c79895c1a3f6e36d5b9072812853a5') in 0.028420 seconds 
  Import took 0.032601 seconds .

AssetImportWorkerClient::OnTransportError - code=2 error=End of file
