Using pre-set license
Built from '2021.1/staging' branch; Version is '2021.1.12f1 (afcadd793de6) revision 11520733'; Using compiler version '192528614'; Build Type 'Release'
OS: 'Windows 10 Home; OS build 19042.1415; Version 2009; 64bit' Language: 'en' Physical Memory: 24514 MB
BatchMode: 1, IsHumanControllingUs: 0, StartBugReporterOnCrash: 0, Is64bit: 1, IsPro: 0

 COMMAND LINE ARGUMENTS:
E:\Program Files (x86)\Unity\2021.1.12f1\Editor\Unity.exe
-adb2
-batchMode
-noUpm
-name
AssetImportWorker0
-projectPath
C:/Users/hothe/Documents/GitHub/Pinballv2
-logFile
Logs/AssetImportWorker0.log
-srvPort
65216
Successfully changed project path to: C:/Users/hothe/Documents/GitHub/Pinballv2
C:/Users/hothe/Documents/GitHub/Pinballv2
Using Asset Import Pipeline V2.
Refreshing native plugins compatible for Editor in 49.37 ms, found 2 plugins.
Preloading 0 native plugins for Editor in 0.00 ms.
Initialize engine version: 2021.1.12f1 (afcadd793de6)
[Subsystems] Discovering subsystems at path E:/Program Files (x86)/Unity/2021.1.12f1/Editor/Data/Resources/UnitySubsystems
[Subsystems] Discovering subsystems at path C:/Users/hothe/Documents/GitHub/Pinballv2/Assets
GfxDevice: creating device client; threaded=0; jobified=0
Direct3D:
    Version:  Direct3D 11.0 [level 11.1]
    Renderer: NVIDIA GeForce RTX 2060 (ID=0x1f08)
    Vendor:   NVIDIA
    VRAM:     5980 MB
    Driver:   30.0.14.7141
Initialize mono
Mono path[0] = 'E:/Program Files (x86)/Unity/2021.1.12f1/Editor/Data/Managed'
Mono path[1] = 'E:/Program Files (x86)/Unity/2021.1.12f1/Editor/Data/MonoBleedingEdge/lib/mono/unityjit'
Mono config path = 'E:/Program Files (x86)/Unity/2021.1.12f1/Editor/Data/MonoBleedingEdge/etc'
Using monoOptions --debugger-agent=transport=dt_socket,embedding=1,server=y,suspend=n,address=127.0.0.1:56044
Begin MonoManager ReloadAssembly
Registering precompiled unity dll's ...
Register platform support module: E:/Program Files (x86)/Unity/2021.1.12f1/Editor/Data/PlaybackEngines/WindowsStandaloneSupport/UnityEditor.WindowsStandalone.Extensions.dll
Registered in 0.002931 seconds.
Native extension for WindowsStandalone target not found
Refreshing native plugins compatible for Editor in 42.78 ms, found 2 plugins.
Preloading 0 native plugins for Editor in 0.00 ms.
Mono: successfully reloaded assembly
- Completed reload, in  1.906 seconds
Domain Reload Profiling:
	ReloadAssembly (1906ms)
		BeginReloadAssembly (93ms)
			ExecutionOrderSort (0ms)
			DisableScriptedObjects (0ms)
			BackupInstance (0ms)
			ReleaseScriptingObjects (0ms)
			CreateAndSetChildDomain (1ms)
		EndReloadAssembly (600ms)
			LoadAssemblies (88ms)
			RebuildTransferFunctionScriptingTraits (0ms)
			SetupTypeCache (249ms)
			ReleaseScriptCaches (0ms)
			RebuildScriptCaches (47ms)
			SetupLoadedEditorAssemblies (239ms)
				LogAssemblyErrors (0ms)
				InitializePlatformSupportModulesInManaged (7ms)
				SetLoadedEditorAssemblies (0ms)
				RefreshPlugins (43ms)
				BeforeProcessingInitializeOnLoad (2ms)
				ProcessInitializeOnLoadAttributes (140ms)
				ProcessInitializeOnLoadMethodAttributes (45ms)
				AfterProcessingInitializeOnLoad (0ms)
				EditorAssembliesLoaded (0ms)
			ExecutionOrderSort2 (0ms)
			AwakeInstancesAfterBackupRestoration (0ms)
Platform modules already initialized, skipping
Registering precompiled user dll's ...
Registered in 0.013050 seconds.
Begin MonoManager ReloadAssembly
Native extension for WindowsStandalone target not found
Refreshing native plugins compatible for Editor in 0.69 ms, found 2 plugins.
Preloading 0 native plugins for Editor in 0.00 ms.
Mono: successfully reloaded assembly
- Completed reload, in  1.691 seconds
Domain Reload Profiling:
	ReloadAssembly (1692ms)
		BeginReloadAssembly (236ms)
			ExecutionOrderSort (0ms)
			DisableScriptedObjects (6ms)
			BackupInstance (0ms)
			ReleaseScriptingObjects (0ms)
			CreateAndSetChildDomain (29ms)
		EndReloadAssembly (1365ms)
			LoadAssemblies (146ms)
			RebuildTransferFunctionScriptingTraits (0ms)
			SetupTypeCache (439ms)
			ReleaseScriptCaches (1ms)
			RebuildScriptCaches (81ms)
			SetupLoadedEditorAssemblies (583ms)
				LogAssemblyErrors (0ms)
				InitializePlatformSupportModulesInManaged (7ms)
				SetLoadedEditorAssemblies (1ms)
				RefreshPlugins (1ms)
				BeforeProcessingInitializeOnLoad (80ms)
				ProcessInitializeOnLoadAttributes (470ms)
				ProcessInitializeOnLoadMethodAttributes (13ms)
				AfterProcessingInitializeOnLoad (12ms)
				EditorAssembliesLoaded (1ms)
			ExecutionOrderSort2 (0ms)
			AwakeInstancesAfterBackupRestoration (11ms)
Platform modules already initialized, skipping
========================================================================
Worker process is ready to serve import requests
Launched and connected shader compiler UnityShaderCompiler.exe after 0.09 seconds
Refreshing native plugins compatible for Editor in 0.58 ms, found 2 plugins.
Preloading 0 native plugins for Editor in 0.00 ms.
Unloading 1894 Unused Serialized files (Serialized files now loaded: 0)
System memory in use before: 85.8 MB.
System memory in use after: 85.9 MB.

Unloading 78 unused Assets to reduce memory usage. Loaded Objects now: 2336.
Total: 3.674600 ms (FindLiveObjects: 0.272400 ms CreateObjectMapping: 0.101000 ms MarkObjects: 3.100900 ms  DeleteObjects: 0.199100 ms)

AssetImportParameters requested are different than current active one (requested -> active):
  custom:framework-win-MediaFoundation: 216162199b28c13a410421893ffa2e32 -> 
  custom:video-decoder-ogg-theora: a1e56fd34408186e4bbccfd4996cb3dc -> 
  custom:container-muxer-webm: aa71ff27fc2769a1b78a27578f13a17b -> 
  custom:container-demuxer-webm: 4f35f7cbe854078d1ac9338744f61a02 -> 
  custom:container-demuxer-ogg: 62fdf1f143b41e24485cea50d1cbac27 -> 
  custom:video-encoder-webm-vp8: eb34c28f22e8b96e1ab97ce403110664 -> 
  custom:video-decoder-webm-vp8: 9c59270c3fd7afecdb556c50c9e8de78 -> 
  custom:audio-decoder-ogg-vorbis: bf7c407c2cedff20999df2af8eb42d56 -> 
  custom:audio-encoder-webm-vorbis: bf7c407c2cedff20999df2af8eb42d56 -> 
========================================================================
Received Import Request.
  path: Assets/Prefabs
  artifactKey: Guid(192d4ea23fcd07842a030c26b3b322bf) Importer(815301076,1909f56bfc062723c751e8b465ee728b)
Start importing Assets/Prefabs using Guid(192d4ea23fcd07842a030c26b3b322bf) Importer(815301076,1909f56bfc062723c751e8b465ee728b)  -> (artifact id: 'd69e6b6f9b1e4bf461fe37a0d572b213') in 0.006540 seconds 
========================================================================
Received Import Request.
  Time since last request: 0.000492 seconds.
  path: Assets/Prefabs/pinball.prefab
  artifactKey: Guid(8123f9c9b9aa9d548b88845e37610190) Importer(815301076,1909f56bfc062723c751e8b465ee728b)
Start importing Assets/Prefabs/pinball.prefab using Guid(8123f9c9b9aa9d548b88845e37610190) Importer(815301076,1909f56bfc062723c751e8b465ee728b)  -> (artifact id: '0d69a82cd6a305e50e2124f8f29e99f7') in 0.138766 seconds 
========================================================================
Received Prepare
Registering precompiled user dll's ...
Registered in 0.007519 seconds.
Begin MonoManager ReloadAssembly
Native extension for WindowsStandalone target not found
Refreshing native plugins compatible for Editor in 0.46 ms, found 2 plugins.
Preloading 0 native plugins for Editor in 0.00 ms.
Warning: Annotation not found!
UnityEngine.StackTraceUtility:ExtractStackTrace ()
UnityEditor.ProBuilder.EditorUtility:SetGizmoIconEnabled (System.Type,bool) (at Library/PackageCache/com.unity.probuilder@5.0.3/Editor/EditorCore/EditorUtility.cs:575)
UnityEditor.ProBuilder.HierarchyListener:.cctor () (at Library/PackageCache/com.unity.probuilder@5.0.3/Editor/EditorCore/HierarchyListener.cs:21)
System.Runtime.CompilerServices.RuntimeHelpers:RunClassConstructor (System.RuntimeTypeHandle)
UnityEditor.EditorAssemblies:ProcessInitializeOnLoadAttributes (System.Type[])

[Library/PackageCache/com.unity.probuilder@5.0.3/Editor/EditorCore/EditorUtility.cs line 575]

Mono: successfully reloaded assembly
- Completed reload, in  1.434 seconds
Domain Reload Profiling:
	ReloadAssembly (1434ms)
		BeginReloadAssembly (180ms)
			ExecutionOrderSort (0ms)
			DisableScriptedObjects (6ms)
			BackupInstance (0ms)
			ReleaseScriptingObjects (0ms)
			CreateAndSetChildDomain (51ms)
		EndReloadAssembly (1170ms)
			LoadAssemblies (129ms)
			RebuildTransferFunctionScriptingTraits (0ms)
			SetupTypeCache (452ms)
			ReleaseScriptCaches (2ms)
			RebuildScriptCaches (59ms)
			SetupLoadedEditorAssemblies (420ms)
				LogAssemblyErrors (0ms)
				InitializePlatformSupportModulesInManaged (6ms)
				SetLoadedEditorAssemblies (0ms)
				RefreshPlugins (1ms)
				BeforeProcessingInitializeOnLoad (66ms)
				ProcessInitializeOnLoadAttributes (324ms)
				ProcessInitializeOnLoadMethodAttributes (11ms)
				AfterProcessingInitializeOnLoad (10ms)
				EditorAssembliesLoaded (1ms)
			ExecutionOrderSort2 (0ms)
			AwakeInstancesAfterBackupRestoration (10ms)
Platform modules already initialized, skipping
Refreshing native plugins compatible for Editor in 0.47 ms, found 2 plugins.
Preloading 0 native plugins for Editor in 0.00 ms.
Unloading 1863 Unused Serialized files (Serialized files now loaded: 0)
System memory in use before: 87.1 MB.
System memory in use after: 87.1 MB.

Unloading 15 unused Assets to reduce memory usage. Loaded Objects now: 2346.
Total: 3.144800 ms (FindLiveObjects: 0.271800 ms CreateObjectMapping: 0.077200 ms MarkObjects: 2.669600 ms  DeleteObjects: 0.124300 ms)

AssetImportParameters requested are different than current active one (requested -> active):
  custom:framework-win-MediaFoundation: 216162199b28c13a410421893ffa2e32 -> 
  custom:video-decoder-ogg-theora: a1e56fd34408186e4bbccfd4996cb3dc -> 
  custom:container-muxer-webm: aa71ff27fc2769a1b78a27578f13a17b -> 
  custom:container-demuxer-webm: 4f35f7cbe854078d1ac9338744f61a02 -> 
  custom:container-demuxer-ogg: 62fdf1f143b41e24485cea50d1cbac27 -> 
  custom:video-encoder-webm-vp8: eb34c28f22e8b96e1ab97ce403110664 -> 
  custom:video-decoder-webm-vp8: 9c59270c3fd7afecdb556c50c9e8de78 -> 
  custom:audio-decoder-ogg-vorbis: bf7c407c2cedff20999df2af8eb42d56 -> 
  custom:audio-encoder-webm-vorbis: bf7c407c2cedff20999df2af8eb42d56 -> 
========================================================================
Received Import Request.
  Time since last request: 5757.345476 seconds.
  path: Assets/Materials/black.mat
  artifactKey: Guid(b6dc0ba3eada76a43b0d55d10a760521) Importer(2089858483,934ff659095e30574adcf32a4c2f97b5)
Start importing Assets/Materials/black.mat using Guid(b6dc0ba3eada76a43b0d55d10a760521) Importer(2089858483,934ff659095e30574adcf32a4c2f97b5)  -> (artifact id: 'dd38ace0a8ef2a7639283cffb3a8f035') in 0.110290 seconds 
========================================================================
Received Import Request.
  Time since last request: 0.000340 seconds.
  path: Assets/Materials/animation/is_Up.anim
  artifactKey: Guid(bec623914cf03324ab1cdbcf59e58fd1) Importer(2089858483,934ff659095e30574adcf32a4c2f97b5)
Start importing Assets/Materials/animation/is_Up.anim using Guid(bec623914cf03324ab1cdbcf59e58fd1) Importer(2089858483,934ff659095e30574adcf32a4c2f97b5)  -> (artifact id: '66e7c80566c26792edc039af9e822e9b') in 0.011298 seconds 
========================================================================
Received Import Request.
  Time since last request: 0.000299 seconds.
  path: Assets/ProBuilder Data/Default Color Palette.asset
  artifactKey: Guid(fe1ba7d16825def44ace32a811b65ea9) Importer(2089858483,934ff659095e30574adcf32a4c2f97b5)
Start importing Assets/ProBuilder Data/Default Color Palette.asset using Guid(fe1ba7d16825def44ace32a811b65ea9) Importer(2089858483,934ff659095e30574adcf32a4c2f97b5)  -> (artifact id: 'e56bdcb5573c9378161735cb3236cbf6') in 0.013727 seconds 
========================================================================
Received Import Request.
  Time since last request: 0.000258 seconds.
  path: Assets/Materials/animation/New Game Object (1).controller
  artifactKey: Guid(583aa900058f94c49bf392bc7a7dda16) Importer(2089858483,934ff659095e30574adcf32a4c2f97b5)
Start importing Assets/Materials/animation/New Game Object (1).controller using Guid(583aa900058f94c49bf392bc7a7dda16) Importer(2089858483,934ff659095e30574adcf32a4c2f97b5)  -> (artifact id: '40704c02c6d07d26db24327fd1c2e127') in 0.012668 seconds 
========================================================================
Received Import Request.
  Time since last request: 0.000425 seconds.
  path: Assets/Materials/animation/up.anim
  artifactKey: Guid(3d11ef24b4226984da1189ec3adc9dad) Importer(2089858483,934ff659095e30574adcf32a4c2f97b5)
Start importing Assets/Materials/animation/up.anim using Guid(3d11ef24b4226984da1189ec3adc9dad) Importer(2089858483,934ff659095e30574adcf32a4c2f97b5)  -> (artifact id: '1e6521d9c355a1ec396f627fe384c09d') in 0.010804 seconds 
========================================================================
Received Import Request.
  Time since last request: 0.000270 seconds.
  path: Assets/ProBuilder Data/Default Material Palette.asset
  artifactKey: Guid(5093448648f2adc479f7c73bfa6b4e8f) Importer(2089858483,934ff659095e30574adcf32a4c2f97b5)
Start importing Assets/ProBuilder Data/Default Material Palette.asset using Guid(5093448648f2adc479f7c73bfa6b4e8f) Importer(2089858483,934ff659095e30574adcf32a4c2f97b5)  -> (artifact id: '1ab9fe0b6f52524816509f3f0a4a094a') in 0.011135 seconds 
========================================================================
Received Import Request.
  Time since last request: 0.000350 seconds.
  path: Assets/Materials/blue.mat
  artifactKey: Guid(e6cdcd4e9c42a0944a195f94139ea12d) Importer(2089858483,934ff659095e30574adcf32a4c2f97b5)
Start importing Assets/Materials/blue.mat using Guid(e6cdcd4e9c42a0944a195f94139ea12d) Importer(2089858483,934ff659095e30574adcf32a4c2f97b5)  -> (artifact id: '955bd8b1a8ba243b4ca6d8ecb28ea985') in 0.007924 seconds 
========================================================================
Received Import Request.
  Time since last request: 0.000308 seconds.
  path: Assets/Materials/NGC1499_Akar_3296.jpg
  artifactKey: Guid(b1b9215ed6fcff247b657c9ddda989ac) Importer(2089858483,934ff659095e30574adcf32a4c2f97b5)
Start importing Assets/Materials/NGC1499_Akar_3296.jpg using Guid(b1b9215ed6fcff247b657c9ddda989ac) Importer(2089858483,934ff659095e30574adcf32a4c2f97b5)  -> (artifact id: 'e218c517c17fe84b285cbdbc02976af6') in 0.020089 seconds 
========================================================================
Received Import Request.
  Time since last request: 0.000334 seconds.
  path: Assets/Materials/Materials/stars-2129014_1280.mat
  artifactKey: Guid(6b285dbce9c2428439f13ac88ebd8fef) Importer(2089858483,934ff659095e30574adcf32a4c2f97b5)
Start importing Assets/Materials/Materials/stars-2129014_1280.mat using Guid(6b285dbce9c2428439f13ac88ebd8fef) Importer(2089858483,934ff659095e30574adcf32a4c2f97b5)  -> (artifact id: '25f298f26b1d5cb47d5470675686f179') in 0.010058 seconds 
========================================================================
Received Import Request.
  Time since last request: 0.000315 seconds.
  path: Assets/Scenes/SampleScene.unity
  artifactKey: Guid(9fc0d4010bbf28b4594072e72b8655ab) Importer(2089858483,934ff659095e30574adcf32a4c2f97b5)
Start importing Assets/Scenes/SampleScene.unity using Guid(9fc0d4010bbf28b4594072e72b8655ab) Importer(2089858483,934ff659095e30574adcf32a4c2f97b5)  -> (artifact id: 'c72102a0a69f5c54a549329f11e50999') in 0.009324 seconds 
========================================================================
Received Import Request.
  Time since last request: 0.000303 seconds.
  path: Assets/Materials/animation/Torus.controller
  artifactKey: Guid(8d1783bf93e63d04aaee276f7af96b5d) Importer(2089858483,934ff659095e30574adcf32a4c2f97b5)
Start importing Assets/Materials/animation/Torus.controller using Guid(8d1783bf93e63d04aaee276f7af96b5d) Importer(2089858483,934ff659095e30574adcf32a4c2f97b5)  -> (artifact id: '8bbe452bfd3de7fc049d7584eb7fbba2') in 0.009053 seconds 
========================================================================
Received Import Request.
  Time since last request: 0.000318 seconds.
  path: Assets/Materials/stars-2129014_1280.jpg
  artifactKey: Guid(ef4cd7f7105059e47a2c3e6be686e48f) Importer(2089858483,934ff659095e30574adcf32a4c2f97b5)
Start importing Assets/Materials/stars-2129014_1280.jpg using Guid(ef4cd7f7105059e47a2c3e6be686e48f) Importer(2089858483,934ff659095e30574adcf32a4c2f97b5)  -> (artifact id: '79fe9410e1764a2aa9e60416c46a580f') in 0.010134 seconds 
========================================================================
Received Import Request.
  Time since last request: 0.000424 seconds.
  path: Assets/Scripts/Flippers.cs
  artifactKey: Guid(a1b1624a946dde346b0d0c4f7335974e) Importer(2089858483,934ff659095e30574adcf32a4c2f97b5)
Start importing Assets/Scripts/Flippers.cs using Guid(a1b1624a946dde346b0d0c4f7335974e) Importer(2089858483,934ff659095e30574adcf32a4c2f97b5)  -> (artifact id: '1b7fc721b6f6944220f1b6e5994dc7e2') in 0.038686 seconds 
========================================================================
Received Import Request.
  Time since last request: 0.000300 seconds.
  path: Assets/Materials/animation/down.anim
  artifactKey: Guid(583c992dac6a2124da853470c7395ca1) Importer(2089858483,934ff659095e30574adcf32a4c2f97b5)
Start importing Assets/Materials/animation/down.anim using Guid(583c992dac6a2124da853470c7395ca1) Importer(2089858483,934ff659095e30574adcf32a4c2f97b5)  -> (artifact id: '6c724b4508cc0ffb0c69ac7616f585c4') in 0.010535 seconds 
========================================================================
Received Import Request.
  Time since last request: 0.000339 seconds.
  path: Assets/Materials/Materials/NGC1499_Akar_3296.mat
  artifactKey: Guid(01921672f2bfda04db798767b12ccc6d) Importer(2089858483,934ff659095e30574adcf32a4c2f97b5)
Start importing Assets/Materials/Materials/NGC1499_Akar_3296.mat using Guid(01921672f2bfda04db798767b12ccc6d) Importer(2089858483,934ff659095e30574adcf32a4c2f97b5)  -> (artifact id: 'eaebc81bdbc24435b5fc82ee8ca02c6c') in 0.011436 seconds 
========================================================================
Received Import Request.
  Time since last request: 0.000245 seconds.
  path: Assets/Materials/metal.mat
  artifactKey: Guid(6537781751efca546b5b33e95f3a4091) Importer(2089858483,934ff659095e30574adcf32a4c2f97b5)
Start importing Assets/Materials/metal.mat using Guid(6537781751efca546b5b33e95f3a4091) Importer(2089858483,934ff659095e30574adcf32a4c2f97b5)  -> (artifact id: '415d2fe4cde9ff461256f5365e16f1b1') in 0.009032 seconds 
========================================================================
Received Import Request.
  Time since last request: 0.000215 seconds.
  path: Assets/Materials/gold.mat
  artifactKey: Guid(0dbd5c7fbd0e80a4d89fdc8ff7cf001b) Importer(2089858483,934ff659095e30574adcf32a4c2f97b5)
Start importing Assets/Materials/gold.mat using Guid(0dbd5c7fbd0e80a4d89fdc8ff7cf001b) Importer(2089858483,934ff659095e30574adcf32a4c2f97b5)  -> (artifact id: '422f11f364023c64e94246e06218ea9e') in 0.008556 seconds 
========================================================================
Received Import Request.
  Time since last request: 0.000229 seconds.
  path: Assets/Prefabs/pinball.prefab
  artifactKey: Guid(8123f9c9b9aa9d548b88845e37610190) Importer(2089858483,934ff659095e30574adcf32a4c2f97b5)
Start importing Assets/Prefabs/pinball.prefab using Guid(8123f9c9b9aa9d548b88845e37610190) Importer(2089858483,934ff659095e30574adcf32a4c2f97b5)  -> (artifact id: '31366e0efed6ff36d08e0671b07c115f') in 0.008618 seconds 
========================================================================
Received Import Request.
  Time since last request: 4.821962 seconds.
  path: Assets/Prefabs/pinball.prefab
  artifactKey: Guid(8123f9c9b9aa9d548b88845e37610190) Importer(815301076,1909f56bfc062723c751e8b465ee728b)
Start importing Assets/Prefabs/pinball.prefab using Guid(8123f9c9b9aa9d548b88845e37610190) Importer(815301076,1909f56bfc062723c751e8b465ee728b)  -> (artifact id: 'b57050dbe41f52c72cfa836fbe23bb9a') in 0.067679 seconds 
========================================================================
Received Import Request.
  Time since last request: 0.730963 seconds.
  path: Assets/Prefabs/pinball.prefab
  artifactKey: Guid(8123f9c9b9aa9d548b88845e37610190) Importer(815301076,1909f56bfc062723c751e8b465ee728b)
Start importing Assets/Prefabs/pinball.prefab using Guid(8123f9c9b9aa9d548b88845e37610190) Importer(815301076,1909f56bfc062723c751e8b465ee728b)  -> (artifact id: '87bae279d92aea6c7d6090865a961547') in 0.016714 seconds 
========================================================================
Received Import Request.
  Time since last request: 0.935526 seconds.
  path: Assets/Prefabs/pinball.prefab
  artifactKey: Guid(8123f9c9b9aa9d548b88845e37610190) Importer(2089858483,934ff659095e30574adcf32a4c2f97b5)
Start importing Assets/Prefabs/pinball.prefab using Guid(8123f9c9b9aa9d548b88845e37610190) Importer(2089858483,934ff659095e30574adcf32a4c2f97b5)  -> (artifact id: 'c8107706a7f4720b6f3ee7810f0c8b73') in 0.009701 seconds 
========================================================================
Received Import Request.
  Time since last request: 8.083597 seconds.
  path: Assets/Prefabs/pinball.prefab
  artifactKey: Guid(8123f9c9b9aa9d548b88845e37610190) Importer(815301076,1909f56bfc062723c751e8b465ee728b)
Start importing Assets/Prefabs/pinball.prefab using Guid(8123f9c9b9aa9d548b88845e37610190) Importer(815301076,1909f56bfc062723c751e8b465ee728b)  -> (artifact id: '9e7bc62b3256012c882081ef64107699') in 0.024827 seconds 
========================================================================
Received Import Request.
  Time since last request: 0.921793 seconds.
  path: Assets/Prefabs/pinball.prefab
  artifactKey: Guid(8123f9c9b9aa9d548b88845e37610190) Importer(2089858483,934ff659095e30574adcf32a4c2f97b5)
Start importing Assets/Prefabs/pinball.prefab using Guid(8123f9c9b9aa9d548b88845e37610190) Importer(2089858483,934ff659095e30574adcf32a4c2f97b5)  -> (artifact id: 'c83325d96e86e1e735cc88b4a26bd1aa') in 0.008507 seconds 
========================================================================
Received Prepare
Registering precompiled user dll's ...
Registered in 0.007481 seconds.
Begin MonoManager ReloadAssembly
Native extension for WindowsStandalone target not found
Refreshing native plugins compatible for Editor in 0.45 ms, found 2 plugins.
Preloading 0 native plugins for Editor in 0.00 ms.
Warning: Annotation not found!
UnityEngine.StackTraceUtility:ExtractStackTrace ()
UnityEditor.ProBuilder.EditorUtility:SetGizmoIconEnabled (System.Type,bool) (at Library/PackageCache/com.unity.probuilder@5.0.3/Editor/EditorCore/EditorUtility.cs:575)
UnityEditor.ProBuilder.HierarchyListener:.cctor () (at Library/PackageCache/com.unity.probuilder@5.0.3/Editor/EditorCore/HierarchyListener.cs:21)
System.Runtime.CompilerServices.RuntimeHelpers:RunClassConstructor (System.RuntimeTypeHandle)
UnityEditor.EditorAssemblies:ProcessInitializeOnLoadAttributes (System.Type[])

[Library/PackageCache/com.unity.probuilder@5.0.3/Editor/EditorCore/EditorUtility.cs line 575]

Mono: successfully reloaded assembly
- Completed reload, in  1.404 seconds
Domain Reload Profiling:
	ReloadAssembly (1405ms)
		BeginReloadAssembly (221ms)
			ExecutionOrderSort (0ms)
			DisableScriptedObjects (5ms)
			BackupInstance (0ms)
			ReleaseScriptingObjects (0ms)
			CreateAndSetChildDomain (81ms)
		EndReloadAssembly (1090ms)
			LoadAssemblies (144ms)
			RebuildTransferFunctionScriptingTraits (0ms)
			SetupTypeCache (377ms)
			ReleaseScriptCaches (1ms)
			RebuildScriptCaches (52ms)
			SetupLoadedEditorAssemblies (407ms)
				LogAssemblyErrors (0ms)
				InitializePlatformSupportModulesInManaged (6ms)
				SetLoadedEditorAssemblies (1ms)
				RefreshPlugins (1ms)
				BeforeProcessingInitializeOnLoad (66ms)
				ProcessInitializeOnLoadAttributes (310ms)
				ProcessInitializeOnLoadMethodAttributes (12ms)
				AfterProcessingInitializeOnLoad (12ms)
				EditorAssembliesLoaded (0ms)
			ExecutionOrderSort2 (0ms)
			AwakeInstancesAfterBackupRestoration (10ms)
Platform modules already initialized, skipping
Refreshing native plugins compatible for Editor in 0.73 ms, found 2 plugins.
Preloading 0 native plugins for Editor in 0.00 ms.
Unloading 1863 Unused Serialized files (Serialized files now loaded: 0)
System memory in use before: 87.3 MB.
System memory in use after: 87.4 MB.

Unloading 15 unused Assets to reduce memory usage. Loaded Objects now: 2349.
Total: 4.138300 ms (FindLiveObjects: 0.318800 ms CreateObjectMapping: 0.162100 ms MarkObjects: 3.565100 ms  DeleteObjects: 0.090700 ms)

AssetImportParameters requested are different than current active one (requested -> active):
  custom:framework-win-MediaFoundation: 216162199b28c13a410421893ffa2e32 -> 
  custom:video-decoder-ogg-theora: a1e56fd34408186e4bbccfd4996cb3dc -> 
  custom:container-muxer-webm: aa71ff27fc2769a1b78a27578f13a17b -> 
  custom:container-demuxer-webm: 4f35f7cbe854078d1ac9338744f61a02 -> 
  custom:container-demuxer-ogg: 62fdf1f143b41e24485cea50d1cbac27 -> 
  custom:video-encoder-webm-vp8: eb34c28f22e8b96e1ab97ce403110664 -> 
  custom:video-decoder-webm-vp8: 9c59270c3fd7afecdb556c50c9e8de78 -> 
  custom:audio-decoder-ogg-vorbis: bf7c407c2cedff20999df2af8eb42d56 -> 
  custom:audio-encoder-webm-vorbis: bf7c407c2cedff20999df2af8eb42d56 -> 
========================================================================
Received Import Request.
  Time since last request: 399.888174 seconds.
  path: Assets/Scenes/SampleScene.unity
  artifactKey: Guid(9fc0d4010bbf28b4594072e72b8655ab) Importer(2089858483,934ff659095e30574adcf32a4c2f97b5)
Start importing Assets/Scenes/SampleScene.unity using Guid(9fc0d4010bbf28b4594072e72b8655ab) Importer(2089858483,934ff659095e30574adcf32a4c2f97b5)  -> (artifact id: '85683d61963427dbdcc55384d548dda2') in 0.083001 seconds 
========================================================================
Received Import Request.
  Time since last request: 2255.164929 seconds.
  path: Assets/Scenes/SampleScene.unity
  artifactKey: Guid(9fc0d4010bbf28b4594072e72b8655ab) Importer(2089858483,934ff659095e30574adcf32a4c2f97b5)
Start importing Assets/Scenes/SampleScene.unity using Guid(9fc0d4010bbf28b4594072e72b8655ab) Importer(2089858483,934ff659095e30574adcf32a4c2f97b5)  -> (artifact id: '4ac4248c3bf24677a7206c370e1aeffe') in 0.009505 seconds 
